<?xml version="1.0" encoding="UTF-8"?>
<!-- Generated by org.testng.reporters.JUnitReportReporter -->
<testsuite hostname="Anushka-kushawaha" failures="0" tests="1" name="com.at.testLayer.LoginPageTest" time="16.936" errors="0" timestamp="2023-09-23T11:52:40 IST" skipped="0">
  <testcase classname="com.at.testLayer.LoginPageTest" name="verifyLoginPage" time="16.936"/>
  <system-out/>
</testsuite> <!-- com.at.testLayer.LoginPageTest -->
